[camcui.vn/trilyy/index.html]
[backblue.gif]
[fade.gif]
[index.html]
[w.ladicdn.com_443/6322a62f2dad980013bb5005/untitled-1-20250409032644-v_4bn.png]
[w.ladicdn.com/v5/source/ladipagev3.min7ddd.js]
[w.ladicdn.com/s750x1000/6322a62f2dad980013bb5005/499989639_1217919023306066_955584835232420740_n-20250801052722-gfowu.jpg]
[w.ladicdn.com/s500x600/6322a62f2dad980013bb5005/thiep-ly-ly-copy_0009_2-20250607180910-mcb82.png]
[w.ladicdn.com/s600x600/6322a62f2dad980013bb5005/thiep-ly-ly-copy_0010_1-20250607175836-hzmzo.png]
[w.ladicdn.com/s650x750/6322a62f2dad980013bb5005/499986782_1217924883305480_8112103841224992916_n-20250801052938-_zl1f.jpg]
[w.ladicdn.com/s650x750/6322a62f2dad980013bb5005/500072583_1217915583306410_4705695238620587162_n-20250801052938-t-f2g.jpg]
[w.ladicdn.com/s750x1000/6322a62f2dad980013bb5005/untitled-3-20250420033408-bje7w.png]
[w.ladicdn.com/s550x500/6322a62f2dad980013bb5005/thiep-ly-ly-copy_0008_4-20250607182923-5u6n_.png]
[w.ladicdn.com/s550x500/6322a62f2dad980013bb5005/thiep-ly-ly-copy_0007_5-20250607182940-zfzth.png]
[w.ladicdn.com/s400x450/6322a62f2dad980013bb5005/thiep-ly-ly-copy_0005_3-20250607181227-n2k6i.png]
[w.ladicdn.com/s750x600/6322a62f2dad980013bb5005/499969596_1217929596638342_9122326818986027469_n-20250801053747-ju7oi.jpg]
[w.ladicdn.com/s350x350/6322a62f2dad980013bb5005/untitled-1ft_0000_vector-smart-object-20250510121635-u90h4.png]
[w.ladicdn.com/s750x950/6322a62f2dad980013bb5005/499549192_1217902443307724_4662254472995135130_n-20250801091404-qx-cu.jpg]
[w.ladicdn.com/s350x400/6322a62f2dad980013bb5005/thiep-ly-ly-copy_0000_vector-smart-object-20250607182940-8z9zo.png]
[w.ladicdn.com/s400x400/6322a62f2dad980013bb5005/thiep-ly-ly-copy_0003_vector-smart-object-20250607182940-wwenu.png]
[w.ladicdn.com/s400x400/6322a62f2dad980013bb5005/thiep-ly-ly-copy_0002_vector-smart-object-20250607182940-cftzt.png]
[w.ladicdn.com/s400x350/6322a62f2dad980013bb5005/thiep-ly-ly-copy_0001_vector-smart-object-20250607182940-zaj8k.png]
[w.ladicdn.com/s750x750/6322a62f2dad980013bb5005/anh-lyly-copy-20250801093106-oatrn.png]
[w.ladicdn.com/s750x1050/6322a62f2dad980013bb5005/498698628_1217919699972665_3950713992359690805_n-20250801093526-u-ut-.jpg]
[w.ladicdn.com/s400x400/6322a62f2dad980013bb5005/498698628_1217919699972665_3950713992359690805_n-20250801093526-u-ut-.jpg]
[w.ladicdn.com/s750x1050/6322a62f2dad980013bb5005/499529434_1217922819972353_8731517343624822133_n-20250801093526-ercug.jpg]
[w.ladicdn.com/s400x400/6322a62f2dad980013bb5005/499529434_1217922819972353_8731517343624822133_n-20250801093526-ercug.jpg]
[w.ladicdn.com/s750x1050/6322a62f2dad980013bb5005/500137219_1217929549971680_2252158587272247506_n-20250801093526-x3gnn.jpg]
[w.ladicdn.com/s400x400/6322a62f2dad980013bb5005/500137219_1217929549971680_2252158587272247506_n-20250801093526-x3gnn.jpg]
[w.ladicdn.com/s750x1050/6322a62f2dad980013bb5005/498663182_1217924226638879_9128200548784700946_n-20250801093526-sh9ah.jpg]
[w.ladicdn.com/s400x400/6322a62f2dad980013bb5005/498663182_1217924226638879_9128200548784700946_n-20250801093526-sh9ah.jpg]
[w.ladicdn.com/s750x1050/6322a62f2dad980013bb5005/499557600_1217919349972700_7630155800939108789_n-20250801093526-6ivsb.jpg]
[w.ladicdn.com/s400x400/6322a62f2dad980013bb5005/499557600_1217919349972700_7630155800939108789_n-20250801093526-6ivsb.jpg]
[w.ladicdn.com/s750x1050/6322a62f2dad980013bb5005/499986782_1217924883305480_8112103841224992916_n-1-20250801093526-j4hrf.jpg]
[w.ladicdn.com/s400x400/6322a62f2dad980013bb5005/499986782_1217924883305480_8112103841224992916_n-1-20250801093526-j4hrf.jpg]
[w.ladicdn.com/s750x1050/6322a62f2dad980013bb5005/499253973_1217919006639401_2946999568903064952_n-20250801093526-mhp-p.jpg]
[w.ladicdn.com/s400x400/6322a62f2dad980013bb5005/499253973_1217919006639401_2946999568903064952_n-20250801093526-mhp-p.jpg]
[w.ladicdn.com/s750x600/6322a62f2dad980013bb5005/498669062_1217929593305009_2950814735260536275_n-20250801091614-8meqm.jpg]
[w.ladicdn.com/6322a62f2dad980013bb5005/gif-nhacgreen-20250727084226-zq5mp.gif]
[w.ladicdn.com/s750x600/6322a62f2dad980013bb5005/498969626_1217905253307443_3618919879255541155_n-20250801091708-vkj7e.jpg]
[w.ladicdn.com/s550x550/6322a62f2dad980013bb5005/thiep-ly-ly-copy_0010_1-20250607175836-hzmzo.png]
[w.ladicdn.com/s450x450/6322a62f2dad980013bb5005/qr-code-20251012045407-puefl.png]
[w.ladicdn.com/s750x600/6322a62f2dad980013bb5005/499226180_1217902413307727_1301963706489289453_n-1-20250801092005-trcke.jpg]
[camcui.vn/trilyy/index.html]
[w.ladicdn.com/s750x800/6322a62f2dad980013bb5005/bd95284c466fe631bf7e-20240706091144-0xksq.jpg]
