[invitations.jmiiwedding.com/dohaa.html]
[backblue.gif]
[fade.gif]
[index.html]
[w.ladicdn.com_443/6322a62f2dad980013bb5005/untitled-1-20250409032644-v_4bn.png]
[w.ladicdn.com/v5/source/ladipagev3.min624f.js]
[w.ladicdn.com/s750x1000/6322a62f2dad980013bb5005/thiep-thanh-dat-element_0033_1-20251010160355-v6bgi.png]
[w.ladicdn.com/s400x400/6322a62f2dad980013bb5005/asset-1-20251010172550-2tcut.png]
[w.ladicdn.com/s500x500/6322a62f2dad980013bb5005/_0024_2-20251020193427-q6beh.png]
[w.ladicdn.com/s600x550/6322a62f2dad980013bb5005/thiep-thanh-dat-element_0031_3-20251010171938-1el86.png]
[w.ladicdn.com/s450x600/6322a62f2dad980013bb5005/group-16-copy-20251028162159-z6wx5.png]
[w.ladicdn.com/s400x700/6322a62f2dad980013bb5005/group-17-copy-20251028162209-bzfjz.png]
[w.ladicdn.com/s400x400/6322a62f2dad980013bb5005/_0020_6-20251020185442-7wkz3.png]
[w.ladicdn.com/s400x400/6322a62f2dad980013bb5005/fff-20250420034256-byv87.png]
[invitations.jmiiwedding.com/dohaa.html]
[invitations.jmiiwedding.com/doha.html]
[w.ladicdn.com/s750x1000/6322a62f2dad980013bb5005/571277216_1401349858664077_4926377004531498903_n-20251030040733-2xnh6.jpg]
[w.ladicdn.com/s750x1050/6322a62f2dad980013bb5005/_0018_8-20251020184602-8lroq.png]
[w.ladicdn.com/s750x700/6322a62f2dad980013bb5005/_0018_8-20251020184852-h_pgc.png]
[w.ladicdn.com/s650x650/6322a62f2dad980013bb5005/thiep-thanh-dat-element_0025_9-20251010160529-oa95t.png]
[w.ladicdn.com/s600x650/6322a62f2dad980013bb5005/_0017_9-20251020184704-zyurf.png]
[w.ladicdn.com/s650x550/6322a62f2dad980013bb5005/thiep-thanh-dat-element_0021_13-20251010160528-wcnlv.png]
[w.ladicdn.com/s400x400/6322a62f2dad980013bb5005/16491273404933-photoroom-copy-8-20251028162159-vycva.png]
[w.ladicdn.com/s450x450/6322a62f2dad980013bb5005/rectangle-12-20251020185718-nzua9.png]
[w.ladicdn.com/s400x450/6322a62f2dad980013bb5005/571777292_1401349608664102_6343894689797935376_n-20251030041113-1ztpv.jpg]
[w.ladicdn.com/s400x700/6322a62f2dad980013bb5005/group-19-copy-20251028162159-mpomw.png]
[w.ladicdn.com/s450x600/6322a62f2dad980013bb5005/group-18-copy-20251028162159-doqu2.png]
[w.ladicdn.com/s750x650/6322a62f2dad980013bb5005/572524211_1401350018664061_6624378457772842585_n-20251030041304-s8aeq.jpg]
[w.ladicdn.com/s750x950/6322a62f2dad980013bb5005/_0026_clear-white-plaster-texture-pattern-copy-11-20251020184301-fkysx.png]
[w.ladicdn.com/s750x1300/6322a62f2dad980013bb5005/_0012_14-20251020190433-xq7wr.png]
[w.ladicdn.com/s750x700/6322a62f2dad980013bb5005/_0012_14-20251020190619-q6ipj.png]
[w.ladicdn.com/s350x350/6322a62f2dad980013bb5005/untitled-dfww-20250420125807-7viyy.png]
[w.ladicdn.com/s750x1000/6322a62f2dad980013bb5005/573515766_1401349518664111_5588135098780626000_n-20251030041912-tzwtn.jpg]
[w.ladicdn.com/s350x400/6322a62f2dad980013bb5005/thiep-ly-ly-copy_0002_vector-smart-object-20250607182940-cftzt.png]
[w.ladicdn.com/s400x350/6322a62f2dad980013bb5005/_0010_16-20251020191322-6wqva.png]
[w.ladicdn.com/s400x350/6322a62f2dad980013bb5005/_0009_17-20251020191322-zx5cy.png]
[w.ladicdn.com/s750x700/6322a62f2dad980013bb5005/_0008_18-20251020191629-lfwcq.png]
[w.ladicdn.com/s450x400/6322a62f2dad980013bb5005/_0007_19-20251020191638-sazlq.png]
[w.ladicdn.com/s750x1050/6322a62f2dad980013bb5005/_0026_clear-white-plaster-texture-pattern-copy-11-20251020184301-fkysx.png]
[w.ladicdn.com/s750x650/6322a62f2dad980013bb5005/_0002_24-20251020191747-lydur.png]
[w.ladicdn.com/s500x600/6322a62f2dad980013bb5005/_0006_20-20251020191638-ip9-3.png]
[w.ladicdn.com/s500x600/6322a62f2dad980013bb5005/_0005_21-20251020191638-pbgmd.png]
[w.ladicdn.com/s750x400/6322a62f2dad980013bb5005/_0004_22-20251020191638-92wfz.png]
[w.ladicdn.com/s350x350/6322a62f2dad980013bb5005/_0003_23-20251020192245-nvswn.png]
[w.ladicdn.com/s750x850/6322a62f2dad980013bb5005/fasda-20250421104930-4ywrk.png]
[w.ladicdn.com/s550x550/6322a62f2dad980013bb5005/571765088_1401349365330793_1662366587190655600_n-1-20251030042127-nm_mv.jpg]
[w.ladicdn.com/s750x850/6322a62f2dad980013bb5005/fasda-20250421105111-znwlo.png]
[w.ladicdn.com/s550x550/6322a62f2dad980013bb5005/571143885_1401349721997424_2065697533887622872_n-20251030042127-xuqhx.jpg]
[w.ladicdn.com/s700x600/6322a62f2dad980013bb5005/571164642_1401349665330763_6619924319676757356_n-20251031103258-ajnrd.jpg]
[w.ladicdn.com/s550x700/6322a62f2dad980013bb5005/571224131_1401349978664065_7573720502516011340_n-20251031103258-uvirh.jpg]
[w.ladicdn.com/s450x500/6322a62f2dad980013bb5005/573425221_1401349865330743_4839817189863243642_n-1-20251031103258-recrt.jpg]
[w.ladicdn.com/s450x500/6322a62f2dad980013bb5005/571163344_1401349728664090_1905816294290234489_n-20251031103259-fbn7h.jpg]
[w.ladicdn.com/s500x600/6322a62f2dad980013bb5005/571085293_1401349451997451_4525686150093079759_n-20251031103504-aryzw.jpg]
[w.ladicdn.com/s500x600/6322a62f2dad980013bb5005/571372648_1401349385330791_7634124945013556421_n-20251031103504-_iyv4.jpg]
[w.ladicdn.com/s500x600/6322a62f2dad980013bb5005/572065120_1401349761997420_1500589351470969014_n-20251031103504-4_eca.jpg]
[w.ladicdn.com/s500x600/6322a62f2dad980013bb5005/572320773_1401349695330760_382189394598311458_n-20251031103504-vtcpr.jpg]
[w.ladicdn.com/s750x650/6322a62f2dad980013bb5005/571054984_1401349545330775_4599321538441090399_n-20251031103848-ght5w.jpg]
[w.ladicdn.com/s750x950/6322a62f2dad980013bb5005/_0001_25-20251020192902-lguo3.png]
[w.ladicdn.com/s750x950/6322a62f2dad980013bb5005/thiep-thanh-dat-element_0033_1-20251010160355-v6bgi.png]
[w.ladicdn.com/s600x600/6322a62f2dad980013bb5005/thiep-ngoc-trai-copy_0002_3-20250510120603-k1oxf.png]
[w.ladicdn.com/s550x550/6322a62f2dad980013bb5005/571186978_1401553538643709_5038720285523091562_n-20251031103715-f9hbl.jpg]
[w.ladicdn.com/s400x400/6322a62f2dad980013bb5005/_0014_12-20251020185617-zqiw2.png]
[w.ladicdn.com/s350x350/6322a62f2dad980013bb5005/_0014_12-20251020185617-zqiw2.png]
[w.ladicdn.com/s750x1000/6322a62f2dad980013bb5005/untitled-3-20250420033408-bje7w.png]
[w.ladicdn.com/s450x450/6322a62f2dad980013bb5005/screenshot_1763309137-20251116160544-zqlfc.png]
[w.ladicdn.com/s750x600/6322a62f2dad980013bb5005/572008318_1401349798664083_334031014149443103_n-20251031103714-akl_6.jpg]
[w.ladicdn.com/s750x1000/6322a62f2dad980013bb5005/571765088_1401349365330793_1662366587190655600_n-20251031103550-ak-ws.jpg]
[w.ladicdn.com/s400x400/6322a62f2dad980013bb5005/571765088_1401349365330793_1662366587190655600_n-20251031103550-ak-ws.jpg]
[w.ladicdn.com/s750x1000/6322a62f2dad980013bb5005/571277216_1401349858664077_4926377004531498903_n-20251031103550-jbkbz.jpg]
[w.ladicdn.com/s400x400/6322a62f2dad980013bb5005/571277216_1401349858664077_4926377004531498903_n-20251031103550-jbkbz.jpg]
[w.ladicdn.com/s750x1000/6322a62f2dad980013bb5005/573425221_1401349865330743_4839817189863243642_n-20251031103550-mgv65.jpg]
[w.ladicdn.com/s400x400/6322a62f2dad980013bb5005/573425221_1401349865330743_4839817189863243642_n-20251031103550-mgv65.jpg]
[w.ladicdn.com/s750x1000/6322a62f2dad980013bb5005/571777292_1401349608664102_6343894689797935376_n-20251031103549-hmgry.jpg]
[w.ladicdn.com/s400x400/6322a62f2dad980013bb5005/571777292_1401349608664102_6343894689797935376_n-20251031103549-hmgry.jpg]
[w.ladicdn.com/s750x1000/6322a62f2dad980013bb5005/573515766_1401349518664111_5588135098780626000_n-20251031103549-zdinw.jpg]
[w.ladicdn.com/s400x400/6322a62f2dad980013bb5005/573515766_1401349518664111_5588135098780626000_n-20251031103549-zdinw.jpg]
[w.ladicdn.com/s750x1000/6322a62f2dad980013bb5005/571085293_1401349451997451_4525686150093079759_n-20251031103549-ckb3c.jpg]
[w.ladicdn.com/s400x400/6322a62f2dad980013bb5005/571085293_1401349451997451_4525686150093079759_n-20251031103549-ckb3c.jpg]
[w.ladicdn.com/s750x1000/6322a62f2dad980013bb5005/572065120_1401349761997420_1500589351470969014_n-20251031103549-lhl_g.jpg]
[w.ladicdn.com/s400x400/6322a62f2dad980013bb5005/572065120_1401349761997420_1500589351470969014_n-20251031103549-lhl_g.jpg]
[w.ladicdn.com/s750x1000/6322a62f2dad980013bb5005/572320773_1401349695330760_382189394598311458_n-20251031103549-t8pij.jpg]
[w.ladicdn.com/s400x400/6322a62f2dad980013bb5005/572320773_1401349695330760_382189394598311458_n-20251031103549-t8pij.jpg]
[w.ladicdn.com/s750x1000/6322a62f2dad980013bb5005/571372648_1401349385330791_7634124945013556421_n-20251031103549-zdkgk.jpg]
[invitations.jmiiwedding.com/doha.html]
[w.ladicdn.com/s400x400/6322a62f2dad980013bb5005/571372648_1401349385330791_7634124945013556421_n-20251031103549-zdkgk.jpg]
