[invitations.jmiiwedding.com/redtone.html]
[backblue.gif]
[fade.gif]
[index.html]
[w.ladicdn.com/v5/source/ladipagev3.min7ddd.js]
[w.ladicdn.com/s750x1000/6322a62f2dad980013bb5005/545338330_1412033760286939_6428732700690367359_n-20251019100213-bjkq7.jpg]
[w.ladicdn.com/s750x950/6322a62f2dad980013bb5005/icon-thiep-huyenpsd_0000_clear-white-plaster-texture-pattern-copy-14-20250703084107-2wpug.png]
[w.ladicdn.com/s500x650/6322a62f2dad980013bb5005/thiep-minh-ha_0034_4-20250713171905-bzxbp.png]
[w.ladicdn.com/s600x700/6322a62f2dad980013bb5005/544462558_1412033966953585_6224622967212131673_n-20251019100312-re_a1.jpg]
[w.ladicdn.com/s550x550/6322a62f2dad980013bb5005/thiep-minh-ha_0029_3-20250714052822-_evkh.png]
[w.ladicdn.com/s750x950/6322a62f2dad980013bb5005/544803168_1412033263620322_661626719444709316_n-20251019100646-edch5.jpg]
[w.ladicdn.com/s500x550/6322a62f2dad980013bb5005/544746060_1412033466953635_1731005063067406273_n-20251019100544-4udtx.jpg]
[w.ladicdn.com/s500x550/6322a62f2dad980013bb5005/545021511_1412033426953639_3235017371368628792_n-20251019100544-ulaum.jpg]
[w.ladicdn.com/s750x450/6322a62f2dad980013bb5005/thiep-minh-ha_0025_5-20250713173915-h6rpe.png]
[w.ladicdn.com/s750x500/6322a62f2dad980013bb5005/thiep-minh-ha_0017_6-20250713175058-e2566.png]
[w.ladicdn.com/s350x350/6322a62f2dad980013bb5005/thiep-linh-nguyen-element_0000s_0000_vector-smart-object-20250916165247-ly3tl.png]
[w.ladicdn.com/s350x350/6322a62f2dad980013bb5005/gedgvdf-20250323084322-cpc_l.png]
[w.ladicdn.com/s750x650/6322a62f2dad980013bb5005/543425916_1412033950286920_8889122512388796988_n-20251019100728-duo4h.jpg]
[w.ladicdn.com/s600x500/6322a62f2dad980013bb5005/thiep-minh-ha_0027_7-20250713180002-dacc9.png]
[w.ladicdn.com/s700x650/6322a62f2dad980013bb5005/rgfs-20250315033246-mioe5-20250909212443-tvys1-20251019095142-edemo.png]
[w.ladicdn.com/s350x350/6322a62f2dad980013bb5005/untitled-1ft_0000_vector-smart-object-20250510121635-u90h4.png]
[w.ladicdn.com/s750x750/6322a62f2dad980013bb5005/544787468_1412033503620298_2244600429139175686_n-20251019101032-ui_84.jpg]
[w.ladicdn.com/s350x350/6322a62f2dad980013bb5005/thiep-minh-ha_0007_vector-smart-object-20250713181612-tjrwf.png]
[w.ladicdn.com/s400x350/6322a62f2dad980013bb5005/thiep-minh-ha_0006_vector-smart-object-20250713181612-43am9.png]
[w.ladicdn.com/s400x350/6322a62f2dad980013bb5005/thiep-minh-ha_0005_vector-smart-object-20250713181612-m3y5u.png]
[w.ladicdn.com/s700x550/6322a62f2dad980013bb5005/thiep-minh-ha_0024_8-20250713193243-jgzbf.png]
[w.ladicdn.com/s450x550/6322a62f2dad980013bb5005/545357591_1412033666953615_4503318870619672202_n-20251019101307-3qu47.jpg]
[w.ladicdn.com/s500x500/6322a62f2dad980013bb5005/544803168_1412033263620322_661626719444709316_n-1-20251019101307-p71as.jpg]
[w.ladicdn.com/s500x600/6322a62f2dad980013bb5005/543433462_1412033390286976_952966934344893840_n-20251019101306-35j1j.jpg]
[w.ladicdn.com/s750x1000/6322a62f2dad980013bb5005/543550297_1412033320286983_6036051858760396838_n-20251019101810-gl75c.jpg]
[w.ladicdn.com/s400x400/6322a62f2dad980013bb5005/543550297_1412033320286983_6036051858760396838_n-20251019101810-gl75c.jpg]
[w.ladicdn.com/s750x1000/6322a62f2dad980013bb5005/543433462_1412033390286976_952966934344893840_n-20251019101810-incg8.jpg]
[w.ladicdn.com/s400x400/6322a62f2dad980013bb5005/543433462_1412033390286976_952966934344893840_n-20251019101810-incg8.jpg]
[w.ladicdn.com/s750x1000/6322a62f2dad980013bb5005/545357591_1412033666953615_4503318870619672202_n-20251019101810-slfrk.jpg]
[w.ladicdn.com/s400x400/6322a62f2dad980013bb5005/545357591_1412033666953615_4503318870619672202_n-20251019101810-slfrk.jpg]
[w.ladicdn.com/s750x1000/6322a62f2dad980013bb5005/544803168_1412033263620322_661626719444709316_n-20251019101810-g5itd.jpg]
[w.ladicdn.com/s400x400/6322a62f2dad980013bb5005/544803168_1412033263620322_661626719444709316_n-20251019101810-g5itd.jpg]
[w.ladicdn.com/s750x1000/6322a62f2dad980013bb5005/543572134_1412034016953580_7570056040968058095_n-20251019101810-4lcno.jpg]
[w.ladicdn.com/s400x400/6322a62f2dad980013bb5005/543572134_1412034016953580_7570056040968058095_n-20251019101810-4lcno.jpg]
[w.ladicdn.com/s750x1000/6322a62f2dad980013bb5005/543425916_1412033950286920_8889122512388796988_n-20251019101810-hzeb-.jpg]
[w.ladicdn.com/s400x400/6322a62f2dad980013bb5005/543425916_1412033950286920_8889122512388796988_n-20251019101810-hzeb-.jpg]
[w.ladicdn.com/s750x1000/6322a62f2dad980013bb5005/545338330_1412033760286939_6428732700690367359_n-20251019101809-nli2p.jpg]
[w.ladicdn.com/s400x400/6322a62f2dad980013bb5005/545338330_1412033760286939_6428732700690367359_n-20251019101809-nli2p.jpg]
[w.ladicdn.com/s750x1000/6322a62f2dad980013bb5005/544462558_1412033966953585_6224622967212131673_n-20251019101809-gpmpu.jpg]
[w.ladicdn.com/s400x400/6322a62f2dad980013bb5005/544462558_1412033966953585_6224622967212131673_n-20251019101809-gpmpu.jpg]
[w.ladicdn.com/s500x500/6322a62f2dad980013bb5005/thiep-minh-ha_0033_9-20250713194301-5jsbo.png]
[w.ladicdn.com/s450x550/6322a62f2dad980013bb5005/thiep-minh-ha_0026_10-20250713194354-ov6at.png]
[w.ladicdn.com/s750x750/6322a62f2dad980013bb5005/540703942_1407554897401492_6134466337354909431_n-20251019101431-xghln.jpg]
[w.ladicdn.com/s750x800/6322a62f2dad980013bb5005/untitled-3-20250420033408-bje7w.png]
[w.ladicdn.com/s700x500/6322a62f2dad980013bb5005/thiep-minh-ha_0024_8-20250713193243-jgzbf.png]
[w.ladicdn.com/s500x550/6322a62f2dad980013bb5005/screenshot-2025-10-19-171623-20251019101644-_1wf2.png]
[invitations.jmiiwedding.com/redtone.html]
[w.ladicdn.com/s450x450/6322a62f2dad980013bb5005/linh-quan-qr-20251019101600-ipxff.png]
[w.ladicdn.com/s750x600/6322a62f2dad980013bb5005/screenshot-2025-10-19-171632-20251019101644-x-nvg.png]
